{"/Users/nesrineberra/Desktop/ecotrack/backend/app.js": {"path":"/Users/nesrineberra/Desktop/ecotrack/backend/app.js","statementMap":{"0":{"start":{"line":22,"column":12},"end":{"line":22,"column":21}},"1":{"start":{"line":23,"column":22},"end":{"line":23,"column":40}},"2":{"start":{"line":24,"column":19},"end":{"line":24,"column":53}},"3":{"start":{"line":25,"column":20},"end":{"line":25,"column":60}},"4":{"start":{"line":27,"column":15},"end":{"line":27,"column":43}},"5":{"start":{"line":29,"column":0},"end":{"line":33,"column":4}},"6":{"start":{"line":34,"column":0},"end":{"line":34,"column":24}},"7":{"start":{"line":35,"column":0},"end":{"line":35,"column":47}},"8":{"start":{"line":38,"column":23},"end":{"line":55,"column":1}},"9":{"start":{"line":39,"column":21},"end":{"line":39,"column":46}},"10":{"start":{"line":40,"column":2},"end":{"line":40,"column":76}},"11":{"start":{"line":40,"column":19},"end":{"line":40,"column":76}},"12":{"start":{"line":42,"column":16},"end":{"line":42,"column":37}},"13":{"start":{"line":43,"column":2},"end":{"line":44,"column":71}},"14":{"start":{"line":44,"column":4},"end":{"line":44,"column":71}},"15":{"start":{"line":46,"column":2},"end":{"line":54,"column":3}},"16":{"start":{"line":47,"column":20},"end":{"line":47,"column":52}},"17":{"start":{"line":48,"column":4},"end":{"line":48,"column":23}},"18":{"start":{"line":49,"column":4},"end":{"line":49,"column":32}},"19":{"start":{"line":50,"column":4},"end":{"line":50,"column":32}},"20":{"start":{"line":51,"column":4},"end":{"line":51,"column":11}},"21":{"start":{"line":53,"column":4},"end":{"line":53,"column":71}},"22":{"start":{"line":57,"column":18},"end":{"line":61,"column":1}},"23":{"start":{"line":57,"column":29},"end":{"line":61,"column":1}},"24":{"start":{"line":58,"column":2},"end":{"line":59,"column":61}},"25":{"start":{"line":59,"column":4},"end":{"line":59,"column":61}},"26":{"start":{"line":60,"column":2},"end":{"line":60,"column":9}},"27":{"start":{"line":63,"column":17},"end":{"line":68,"column":1}},"28":{"start":{"line":63,"column":29},"end":{"line":68,"column":1}},"29":{"start":{"line":64,"column":20},"end":{"line":64,"column":68}},"30":{"start":{"line":65,"column":2},"end":{"line":66,"column":111}},"31":{"start":{"line":66,"column":4},"end":{"line":66,"column":111}},"32":{"start":{"line":66,"column":97},"end":{"line":66,"column":106}},"33":{"start":{"line":67,"column":2},"end":{"line":67,"column":9}},"34":{"start":{"line":71,"column":0},"end":{"line":73,"column":3}},"35":{"start":{"line":72,"column":2},"end":{"line":72,"column":54}},"36":{"start":{"line":76,"column":0},"end":{"line":93,"column":3}},"37":{"start":{"line":77,"column":51},"end":{"line":77,"column":59}},"38":{"start":{"line":78,"column":2},"end":{"line":92,"column":3}},"39":{"start":{"line":79,"column":27},"end":{"line":79,"column":58}},"40":{"start":{"line":80,"column":17},"end":{"line":87,"column":6}},"41":{"start":{"line":88,"column":18},"end":{"line":88,"column":97}},"42":{"start":{"line":89,"column":4},"end":{"line":89,"column":110}},"43":{"start":{"line":91,"column":4},"end":{"line":91,"column":80}},"44":{"start":{"line":95,"column":0},"end":{"line":112,"column":3}},"45":{"start":{"line":96,"column":30},"end":{"line":96,"column":38}},"46":{"start":{"line":97,"column":2},"end":{"line":97,"column":98}},"47":{"start":{"line":97,"column":27},"end":{"line":97,"column":98}},"48":{"start":{"line":98,"column":2},"end":{"line":111,"column":3}},"49":{"start":{"line":99,"column":17},"end":{"line":99,"column":67}},"50":{"start":{"line":100,"column":4},"end":{"line":100,"column":88}},"51":{"start":{"line":100,"column":15},"end":{"line":100,"column":88}},"52":{"start":{"line":101,"column":18},"end":{"line":101,"column":63}},"53":{"start":{"line":102,"column":4},"end":{"line":102,"column":89}},"54":{"start":{"line":102,"column":16},"end":{"line":102,"column":89}},"55":{"start":{"line":103,"column":4},"end":{"line":106,"column":5}},"56":{"start":{"line":104,"column":24},"end":{"line":104,"column":100}},"57":{"start":{"line":105,"column":6},"end":{"line":105,"column":56}},"58":{"start":{"line":107,"column":18},"end":{"line":107,"column":97}},"59":{"start":{"line":108,"column":4},"end":{"line":108,"column":98}},"60":{"start":{"line":110,"column":4},"end":{"line":110,"column":54}},"61":{"start":{"line":114,"column":0},"end":{"line":130,"column":3}},"62":{"start":{"line":115,"column":2},"end":{"line":129,"column":3}},"63":{"start":{"line":116,"column":17},"end":{"line":123,"column":6}},"64":{"start":{"line":124,"column":4},"end":{"line":124,"column":81}},"65":{"start":{"line":124,"column":15},"end":{"line":124,"column":81}},"66":{"start":{"line":125,"column":25},"end":{"line":125,"column":87}},"67":{"start":{"line":126,"column":4},"end":{"line":126,"column":111}},"68":{"start":{"line":128,"column":4},"end":{"line":128,"column":54}},"69":{"start":{"line":132,"column":0},"end":{"line":147,"column":3}},"70":{"start":{"line":133,"column":43},"end":{"line":133,"column":51}},"71":{"start":{"line":134,"column":2},"end":{"line":134,"column":108}},"72":{"start":{"line":134,"column":40},"end":{"line":134,"column":108}},"73":{"start":{"line":135,"column":2},"end":{"line":135,"column":101}},"74":{"start":{"line":135,"column":30},"end":{"line":135,"column":101}},"75":{"start":{"line":136,"column":2},"end":{"line":146,"column":3}},"76":{"start":{"line":137,"column":17},"end":{"line":137,"column":76}},"77":{"start":{"line":138,"column":4},"end":{"line":138,"column":81}},"78":{"start":{"line":138,"column":15},"end":{"line":138,"column":81}},"79":{"start":{"line":139,"column":18},"end":{"line":139,"column":70}},"80":{"start":{"line":140,"column":4},"end":{"line":140,"column":88}},"81":{"start":{"line":140,"column":16},"end":{"line":140,"column":88}},"82":{"start":{"line":141,"column":19},"end":{"line":141,"column":53}},"83":{"start":{"line":142,"column":4},"end":{"line":142,"column":88}},"84":{"start":{"line":143,"column":4},"end":{"line":143,"column":62}},"85":{"start":{"line":145,"column":4},"end":{"line":145,"column":54}},"86":{"start":{"line":150,"column":0},"end":{"line":157,"column":3}},"87":{"start":{"line":151,"column":2},"end":{"line":156,"column":3}},"88":{"start":{"line":152,"column":23},"end":{"line":152,"column":56}},"89":{"start":{"line":153,"column":4},"end":{"line":153,"column":25}},"90":{"start":{"line":155,"column":4},"end":{"line":155,"column":70}},"91":{"start":{"line":159,"column":0},"end":{"line":175,"column":3}},"92":{"start":{"line":160,"column":67},"end":{"line":160,"column":75}},"93":{"start":{"line":161,"column":2},"end":{"line":174,"column":3}},"94":{"start":{"line":162,"column":22},"end":{"line":170,"column":6}},"95":{"start":{"line":171,"column":4},"end":{"line":171,"column":36}},"96":{"start":{"line":173,"column":4},"end":{"line":173,"column":65}},"97":{"start":{"line":177,"column":0},"end":{"line":194,"column":3}},"98":{"start":{"line":178,"column":17},"end":{"line":178,"column":27}},"99":{"start":{"line":179,"column":67},"end":{"line":179,"column":75}},"100":{"start":{"line":180,"column":2},"end":{"line":193,"column":3}},"101":{"start":{"line":181,"column":23},"end":{"line":181,"column":25}},"102":{"start":{"line":182,"column":4},"end":{"line":182,"column":61}},"103":{"start":{"line":182,"column":33},"end":{"line":182,"column":61}},"104":{"start":{"line":183,"column":4},"end":{"line":183,"column":77}},"105":{"start":{"line":183,"column":33},"end":{"line":183,"column":77}},"106":{"start":{"line":184,"column":4},"end":{"line":184,"column":78}},"107":{"start":{"line":184,"column":33},"end":{"line":184,"column":78}},"108":{"start":{"line":185,"column":4},"end":{"line":185,"column":61}},"109":{"start":{"line":185,"column":33},"end":{"line":185,"column":61}},"110":{"start":{"line":186,"column":4},"end":{"line":186,"column":77}},"111":{"start":{"line":186,"column":33},"end":{"line":186,"column":77}},"112":{"start":{"line":187,"column":4},"end":{"line":187,"column":78}},"113":{"start":{"line":187,"column":33},"end":{"line":187,"column":78}},"114":{"start":{"line":188,"column":20},"end":{"line":188,"column":100}},"115":{"start":{"line":189,"column":4},"end":{"line":189,"column":22}},"116":{"start":{"line":191,"column":4},"end":{"line":191,"column":94}},"117":{"start":{"line":191,"column":30},"end":{"line":191,"column":94}},"118":{"start":{"line":192,"column":4},"end":{"line":192,"column":68}},"119":{"start":{"line":196,"column":0},"end":{"line":204,"column":3}},"120":{"start":{"line":197,"column":2},"end":{"line":203,"column":3}},"121":{"start":{"line":198,"column":4},"end":{"line":198,"column":78}},"122":{"start":{"line":199,"column":4},"end":{"line":199,"column":60}},"123":{"start":{"line":201,"column":4},"end":{"line":201,"column":94}},"124":{"start":{"line":201,"column":30},"end":{"line":201,"column":94}},"125":{"start":{"line":202,"column":4},"end":{"line":202,"column":68}},"126":{"start":{"line":207,"column":0},"end":{"line":214,"column":3}},"127":{"start":{"line":208,"column":2},"end":{"line":213,"column":3}},"128":{"start":{"line":209,"column":25},"end":{"line":209,"column":114}},"129":{"start":{"line":210,"column":4},"end":{"line":210,"column":27}},"130":{"start":{"line":212,"column":4},"end":{"line":212,"column":80}},"131":{"start":{"line":216,"column":0},"end":{"line":232,"column":3}},"132":{"start":{"line":217,"column":38},"end":{"line":217,"column":46}},"133":{"start":{"line":218,"column":2},"end":{"line":231,"column":3}},"134":{"start":{"line":219,"column":19},"end":{"line":227,"column":6}},"135":{"start":{"line":228,"column":4},"end":{"line":228,"column":33}},"136":{"start":{"line":230,"column":4},"end":{"line":230,"column":74}},"137":{"start":{"line":234,"column":0},"end":{"line":250,"column":3}},"138":{"start":{"line":235,"column":2},"end":{"line":249,"column":3}},"139":{"start":{"line":237,"column":4},"end":{"line":245,"column":5}},"140":{"start":{"line":238,"column":6},"end":{"line":242,"column":9}},"141":{"start":{"line":244,"column":6},"end":{"line":244,"column":86}},"142":{"start":{"line":246,"column":4},"end":{"line":246,"column":27}},"143":{"start":{"line":248,"column":4},"end":{"line":248,"column":72}},"144":{"start":{"line":252,"column":0},"end":{"line":271,"column":3}},"145":{"start":{"line":253,"column":57},"end":{"line":253,"column":65}},"146":{"start":{"line":254,"column":2},"end":{"line":254,"column":79}},"147":{"start":{"line":254,"column":13},"end":{"line":254,"column":79}},"148":{"start":{"line":255,"column":2},"end":{"line":270,"column":3}},"149":{"start":{"line":256,"column":19},"end":{"line":266,"column":6}},"150":{"start":{"line":267,"column":4},"end":{"line":267,"column":37}},"151":{"start":{"line":269,"column":4},"end":{"line":269,"column":67}},"152":{"start":{"line":273,"column":0},"end":{"line":285,"column":3}},"153":{"start":{"line":274,"column":21},"end":{"line":274,"column":29}},"154":{"start":{"line":275,"column":24},"end":{"line":275,"column":74}},"155":{"start":{"line":276,"column":2},"end":{"line":277,"column":62}},"156":{"start":{"line":277,"column":4},"end":{"line":277,"column":62}},"157":{"start":{"line":278,"column":2},"end":{"line":284,"column":3}},"158":{"start":{"line":279,"column":20},"end":{"line":279,"column":108}},"159":{"start":{"line":280,"column":4},"end":{"line":280,"column":22}},"160":{"start":{"line":282,"column":4},"end":{"line":282,"column":96}},"161":{"start":{"line":282,"column":30},"end":{"line":282,"column":96}},"162":{"start":{"line":283,"column":4},"end":{"line":283,"column":65}},"163":{"start":{"line":288,"column":0},"end":{"line":303,"column":3}},"164":{"start":{"line":289,"column":2},"end":{"line":302,"column":3}},"165":{"start":{"line":290,"column":18},"end":{"line":290,"column":73}},"166":{"start":{"line":291,"column":19},"end":{"line":298,"column":6}},"167":{"start":{"line":299,"column":4},"end":{"line":299,"column":21}},"168":{"start":{"line":301,"column":4},"end":{"line":301,"column":66}},"169":{"start":{"line":305,"column":0},"end":{"line":321,"column":3}},"170":{"start":{"line":306,"column":54},"end":{"line":306,"column":62}},"171":{"start":{"line":307,"column":2},"end":{"line":308,"column":81}},"172":{"start":{"line":308,"column":4},"end":{"line":308,"column":81}},"173":{"start":{"line":309,"column":2},"end":{"line":320,"column":3}},"174":{"start":{"line":310,"column":23},"end":{"line":313,"column":6}},"175":{"start":{"line":314,"column":4},"end":{"line":315,"column":116}},"176":{"start":{"line":315,"column":6},"end":{"line":315,"column":116}},"177":{"start":{"line":316,"column":19},"end":{"line":316,"column":51}},"178":{"start":{"line":317,"column":4},"end":{"line":317,"column":111}},"179":{"start":{"line":319,"column":4},"end":{"line":319,"column":91}},"180":{"start":{"line":323,"column":0},"end":{"line":331,"column":3}},"181":{"start":{"line":324,"column":2},"end":{"line":330,"column":3}},"182":{"start":{"line":325,"column":4},"end":{"line":325,"column":74}},"183":{"start":{"line":326,"column":4},"end":{"line":326,"column":47}},"184":{"start":{"line":328,"column":4},"end":{"line":328,"column":92}},"185":{"start":{"line":328,"column":30},"end":{"line":328,"column":92}},"186":{"start":{"line":329,"column":4},"end":{"line":329,"column":66}},"187":{"start":{"line":334,"column":0},"end":{"line":345,"column":3}},"188":{"start":{"line":335,"column":2},"end":{"line":344,"column":3}},"189":{"start":{"line":336,"column":18},"end":{"line":336,"column":73}},"190":{"start":{"line":337,"column":21},"end":{"line":340,"column":6}},"191":{"start":{"line":341,"column":4},"end":{"line":341,"column":23}},"192":{"start":{"line":343,"column":4},"end":{"line":343,"column":68}},"193":{"start":{"line":348,"column":0},"end":{"line":358,"column":3}},"194":{"start":{"line":349,"column":2},"end":{"line":357,"column":3}},"195":{"start":{"line":350,"column":19},"end":{"line":353,"column":6}},"196":{"start":{"line":354,"column":4},"end":{"line":354,"column":21}},"197":{"start":{"line":356,"column":4},"end":{"line":356,"column":66}},"198":{"start":{"line":361,"column":0},"end":{"line":375,"column":3}},"199":{"start":{"line":362,"column":2},"end":{"line":374,"column":3}},"200":{"start":{"line":363,"column":23},"end":{"line":363,"column":82}},"201":{"start":{"line":364,"column":4},"end":{"line":364,"column":108}},"202":{"start":{"line":364,"column":21},"end":{"line":364,"column":108}},"203":{"start":{"line":365,"column":23},"end":{"line":365,"column":93}},"204":{"start":{"line":366,"column":4},"end":{"line":370,"column":5}},"205":{"start":{"line":367,"column":6},"end":{"line":369,"column":9}},"206":{"start":{"line":371,"column":4},"end":{"line":371,"column":27}},"207":{"start":{"line":373,"column":4},"end":{"line":373,"column":76}},"208":{"start":{"line":378,"column":0},"end":{"line":390,"column":3}},"209":{"start":{"line":379,"column":2},"end":{"line":389,"column":3}},"210":{"start":{"line":380,"column":77},"end":{"line":385,"column":6}},"211":{"start":{"line":386,"column":4},"end":{"line":386,"column":125}},"212":{"start":{"line":388,"column":4},"end":{"line":388,"column":65}},"213":{"start":{"line":393,"column":0},"end":{"line":403,"column":3}},"214":{"start":{"line":394,"column":2},"end":{"line":402,"column":3}},"215":{"start":{"line":395,"column":21},"end":{"line":398,"column":6}},"216":{"start":{"line":399,"column":4},"end":{"line":399,"column":23}},"217":{"start":{"line":401,"column":4},"end":{"line":401,"column":54}},"218":{"start":{"line":405,"column":0},"end":{"line":415,"column":3}},"219":{"start":{"line":406,"column":2},"end":{"line":414,"column":3}},"220":{"start":{"line":407,"column":21},"end":{"line":410,"column":6}},"221":{"start":{"line":411,"column":4},"end":{"line":411,"column":23}},"222":{"start":{"line":413,"column":4},"end":{"line":413,"column":54}}},"fnMap":{"0":{"name":"(anonymous_0)","decl":{"start":{"line":38,"column":23},"end":{"line":38,"column":24}},"loc":{"start":{"line":38,"column":43},"end":{"line":55,"column":1}},"line":38},"1":{"name":"(anonymous_1)","decl":{"start":{"line":57,"column":18},"end":{"line":57,"column":19}},"loc":{"start":{"line":57,"column":29},"end":{"line":61,"column":1}},"line":57},"2":{"name":"(anonymous_2)","decl":{"start":{"line":57,"column":29},"end":{"line":57,"column":30}},"loc":{"start":{"line":57,"column":49},"end":{"line":61,"column":1}},"line":57},"3":{"name":"(anonymous_3)","decl":{"start":{"line":63,"column":17},"end":{"line":63,"column":18}},"loc":{"start":{"line":63,"column":29},"end":{"line":68,"column":1}},"line":63},"4":{"name":"(anonymous_4)","decl":{"start":{"line":63,"column":29},"end":{"line":63,"column":30}},"loc":{"start":{"line":63,"column":49},"end":{"line":68,"column":1}},"line":63},"5":{"name":"(anonymous_5)","decl":{"start":{"line":66,"column":92},"end":{"line":66,"column":93}},"loc":{"start":{"line":66,"column":97},"end":{"line":66,"column":106}},"line":66},"6":{"name":"(anonymous_6)","decl":{"start":{"line":71,"column":19},"end":{"line":71,"column":20}},"loc":{"start":{"line":71,"column":33},"end":{"line":73,"column":1}},"line":71},"7":{"name":"(anonymous_7)","decl":{"start":{"line":76,"column":55},"end":{"line":76,"column":56}},"loc":{"start":{"line":76,"column":75},"end":{"line":93,"column":1}},"line":76},"8":{"name":"(anonymous_8)","decl":{"start":{"line":95,"column":24},"end":{"line":95,"column":25}},"loc":{"start":{"line":95,"column":44},"end":{"line":112,"column":1}},"line":95},"9":{"name":"(anonymous_9)","decl":{"start":{"line":114,"column":36},"end":{"line":114,"column":37}},"loc":{"start":{"line":114,"column":56},"end":{"line":130,"column":1}},"line":114},"10":{"name":"(anonymous_10)","decl":{"start":{"line":132,"column":49},"end":{"line":132,"column":50}},"loc":{"start":{"line":132,"column":69},"end":{"line":147,"column":1}},"line":132},"11":{"name":"(anonymous_11)","decl":{"start":{"line":150,"column":39},"end":{"line":150,"column":40}},"loc":{"start":{"line":150,"column":59},"end":{"line":157,"column":1}},"line":150},"12":{"name":"(anonymous_12)","decl":{"start":{"line":159,"column":106},"end":{"line":159,"column":107}},"loc":{"start":{"line":159,"column":126},"end":{"line":175,"column":1}},"line":159},"13":{"name":"(anonymous_13)","decl":{"start":{"line":177,"column":109},"end":{"line":177,"column":110}},"loc":{"start":{"line":177,"column":129},"end":{"line":194,"column":1}},"line":177},"14":{"name":"(anonymous_14)","decl":{"start":{"line":196,"column":79},"end":{"line":196,"column":80}},"loc":{"start":{"line":196,"column":99},"end":{"line":204,"column":1}},"line":196},"15":{"name":"(anonymous_15)","decl":{"start":{"line":207,"column":32},"end":{"line":207,"column":33}},"loc":{"start":{"line":207,"column":52},"end":{"line":214,"column":1}},"line":207},"16":{"name":"(anonymous_16)","decl":{"start":{"line":216,"column":57},"end":{"line":216,"column":58}},"loc":{"start":{"line":216,"column":77},"end":{"line":232,"column":1}},"line":216},"17":{"name":"(anonymous_17)","decl":{"start":{"line":234,"column":41},"end":{"line":234,"column":42}},"loc":{"start":{"line":234,"column":61},"end":{"line":250,"column":1}},"line":234},"18":{"name":"(anonymous_18)","decl":{"start":{"line":252,"column":66},"end":{"line":252,"column":67}},"loc":{"start":{"line":252,"column":86},"end":{"line":271,"column":1}},"line":252},"19":{"name":"(anonymous_19)","decl":{"start":{"line":273,"column":87},"end":{"line":273,"column":88}},"loc":{"start":{"line":273,"column":107},"end":{"line":285,"column":1}},"line":273},"20":{"name":"(anonymous_20)","decl":{"start":{"line":288,"column":77},"end":{"line":288,"column":78}},"loc":{"start":{"line":288,"column":97},"end":{"line":303,"column":1}},"line":288},"21":{"name":"(anonymous_21)","decl":{"start":{"line":305,"column":78},"end":{"line":305,"column":79}},"loc":{"start":{"line":305,"column":98},"end":{"line":321,"column":1}},"line":305},"22":{"name":"(anonymous_22)","decl":{"start":{"line":323,"column":75},"end":{"line":323,"column":76}},"loc":{"start":{"line":323,"column":95},"end":{"line":331,"column":1}},"line":323},"23":{"name":"(anonymous_23)","decl":{"start":{"line":334,"column":79},"end":{"line":334,"column":80}},"loc":{"start":{"line":334,"column":99},"end":{"line":345,"column":1}},"line":334},"24":{"name":"(anonymous_24)","decl":{"start":{"line":348,"column":57},"end":{"line":348,"column":58}},"loc":{"start":{"line":348,"column":77},"end":{"line":358,"column":1}},"line":348},"25":{"name":"(anonymous_25)","decl":{"start":{"line":361,"column":41},"end":{"line":361,"column":42}},"loc":{"start":{"line":361,"column":61},"end":{"line":375,"column":1}},"line":361},"26":{"name":"(anonymous_26)","decl":{"start":{"line":378,"column":66},"end":{"line":378,"column":67}},"loc":{"start":{"line":378,"column":86},"end":{"line":390,"column":1}},"line":378},"27":{"name":"(anonymous_27)","decl":{"start":{"line":393,"column":70},"end":{"line":393,"column":71}},"loc":{"start":{"line":393,"column":90},"end":{"line":403,"column":1}},"line":393},"28":{"name":"(anonymous_28)","decl":{"start":{"line":405,"column":50},"end":{"line":405,"column":51}},"loc":{"start":{"line":405,"column":70},"end":{"line":415,"column":1}},"line":405}},"branchMap":{"0":{"loc":{"start":{"line":24,"column":19},"end":{"line":24,"column":53}},"type":"binary-expr","locations":[{"start":{"line":24,"column":19},"end":{"line":24,"column":41}},{"start":{"line":24,"column":45},"end":{"line":24,"column":53}}],"line":24},"1":{"loc":{"start":{"line":30,"column":10},"end":{"line":30,"column":61}},"type":"binary-expr","locations":[{"start":{"line":30,"column":10},"end":{"line":30,"column":34}},{"start":{"line":30,"column":38},"end":{"line":30,"column":61}}],"line":30},"2":{"loc":{"start":{"line":40,"column":2},"end":{"line":40,"column":76}},"type":"if","locations":[{"start":{"line":40,"column":2},"end":{"line":40,"column":76}},{"start":{},"end":{}}],"line":40},"3":{"loc":{"start":{"line":43,"column":2},"end":{"line":44,"column":71}},"type":"if","locations":[{"start":{"line":43,"column":2},"end":{"line":44,"column":71}},{"start":{},"end":{}}],"line":43},"4":{"loc":{"start":{"line":43,"column":6},"end":{"line":43,"column":49}},"type":"binary-expr","locations":[{"start":{"line":43,"column":6},"end":{"line":43,"column":24}},{"start":{"line":43,"column":28},"end":{"line":43,"column":49}}],"line":43},"5":{"loc":{"start":{"line":58,"column":2},"end":{"line":59,"column":61}},"type":"if","locations":[{"start":{"line":58,"column":2},"end":{"line":59,"column":61}},{"start":{},"end":{}}],"line":58},"6":{"loc":{"start":{"line":58,"column":6},"end":{"line":58,"column":52}},"type":"binary-expr","locations":[{"start":{"line":58,"column":6},"end":{"line":58,"column":19}},{"start":{"line":58,"column":23},"end":{"line":58,"column":52}}],"line":58},"7":{"loc":{"start":{"line":65,"column":2},"end":{"line":66,"column":111}},"type":"if","locations":[{"start":{"line":65,"column":2},"end":{"line":66,"column":111}},{"start":{},"end":{}}],"line":65},"8":{"loc":{"start":{"line":97,"column":2},"end":{"line":97,"column":98}},"type":"if","locations":[{"start":{"line":97,"column":2},"end":{"line":97,"column":98}},{"start":{},"end":{}}],"line":97},"9":{"loc":{"start":{"line":97,"column":6},"end":{"line":97,"column":25}},"type":"binary-expr","locations":[{"start":{"line":97,"column":6},"end":{"line":97,"column":12}},{"start":{"line":97,"column":16},"end":{"line":97,"column":25}}],"line":97},"10":{"loc":{"start":{"line":100,"column":4},"end":{"line":100,"column":88}},"type":"if","locations":[{"start":{"line":100,"column":4},"end":{"line":100,"column":88}},{"start":{},"end":{}}],"line":100},"11":{"loc":{"start":{"line":102,"column":4},"end":{"line":102,"column":89}},"type":"if","locations":[{"start":{"line":102,"column":4},"end":{"line":102,"column":89}},{"start":{},"end":{}}],"line":102},"12":{"loc":{"start":{"line":103,"column":4},"end":{"line":106,"column":5}},"type":"if","locations":[{"start":{"line":103,"column":4},"end":{"line":106,"column":5}},{"start":{},"end":{}}],"line":103},"13":{"loc":{"start":{"line":124,"column":4},"end":{"line":124,"column":81}},"type":"if","locations":[{"start":{"line":124,"column":4},"end":{"line":124,"column":81}},{"start":{},"end":{}}],"line":124},"14":{"loc":{"start":{"line":125,"column":25},"end":{"line":125,"column":87}},"type":"binary-expr","locations":[{"start":{"line":125,"column":25},"end":{"line":125,"column":48}},{"start":{"line":125,"column":52},"end":{"line":125,"column":87}}],"line":125},"15":{"loc":{"start":{"line":134,"column":2},"end":{"line":134,"column":108}},"type":"if","locations":[{"start":{"line":134,"column":2},"end":{"line":134,"column":108}},{"start":{},"end":{}}],"line":134},"16":{"loc":{"start":{"line":134,"column":6},"end":{"line":134,"column":38}},"type":"binary-expr","locations":[{"start":{"line":134,"column":6},"end":{"line":134,"column":22}},{"start":{"line":134,"column":26},"end":{"line":134,"column":38}}],"line":134},"17":{"loc":{"start":{"line":135,"column":2},"end":{"line":135,"column":101}},"type":"if","locations":[{"start":{"line":135,"column":2},"end":{"line":135,"column":101}},{"start":{},"end":{}}],"line":135},"18":{"loc":{"start":{"line":138,"column":4},"end":{"line":138,"column":81}},"type":"if","locations":[{"start":{"line":138,"column":4},"end":{"line":138,"column":81}},{"start":{},"end":{}}],"line":138},"19":{"loc":{"start":{"line":140,"column":4},"end":{"line":140,"column":88}},"type":"if","locations":[{"start":{"line":140,"column":4},"end":{"line":140,"column":88}},{"start":{},"end":{}}],"line":140},"20":{"loc":{"start":{"line":165,"column":30},"end":{"line":165,"column":44}},"type":"binary-expr","locations":[{"start":{"line":165,"column":30},"end":{"line":165,"column":39}},{"start":{"line":165,"column":43},"end":{"line":165,"column":44}}],"line":165},"21":{"loc":{"start":{"line":167,"column":29},"end":{"line":167,"column":48}},"type":"binary-expr","locations":[{"start":{"line":167,"column":29},"end":{"line":167,"column":37}},{"start":{"line":167,"column":41},"end":{"line":167,"column":48}}],"line":167},"22":{"loc":{"start":{"line":168,"column":30},"end":{"line":168,"column":49}},"type":"binary-expr","locations":[{"start":{"line":168,"column":30},"end":{"line":168,"column":39}},{"start":{"line":168,"column":43},"end":{"line":168,"column":49}}],"line":168},"23":{"loc":{"start":{"line":182,"column":4},"end":{"line":182,"column":61}},"type":"if","locations":[{"start":{"line":182,"column":4},"end":{"line":182,"column":61}},{"start":{},"end":{}}],"line":182},"24":{"loc":{"start":{"line":183,"column":4},"end":{"line":183,"column":77}},"type":"if","locations":[{"start":{"line":183,"column":4},"end":{"line":183,"column":77}},{"start":{},"end":{}}],"line":183},"25":{"loc":{"start":{"line":184,"column":4},"end":{"line":184,"column":78}},"type":"if","locations":[{"start":{"line":184,"column":4},"end":{"line":184,"column":78}},{"start":{},"end":{}}],"line":184},"26":{"loc":{"start":{"line":185,"column":4},"end":{"line":185,"column":61}},"type":"if","locations":[{"start":{"line":185,"column":4},"end":{"line":185,"column":61}},{"start":{},"end":{}}],"line":185},"27":{"loc":{"start":{"line":186,"column":4},"end":{"line":186,"column":77}},"type":"if","locations":[{"start":{"line":186,"column":4},"end":{"line":186,"column":77}},{"start":{},"end":{}}],"line":186},"28":{"loc":{"start":{"line":187,"column":4},"end":{"line":187,"column":78}},"type":"if","locations":[{"start":{"line":187,"column":4},"end":{"line":187,"column":78}},{"start":{},"end":{}}],"line":187},"29":{"loc":{"start":{"line":191,"column":4},"end":{"line":191,"column":94}},"type":"if","locations":[{"start":{"line":191,"column":4},"end":{"line":191,"column":94}},{"start":{},"end":{}}],"line":191},"30":{"loc":{"start":{"line":201,"column":4},"end":{"line":201,"column":94}},"type":"if","locations":[{"start":{"line":201,"column":4},"end":{"line":201,"column":94}},{"start":{},"end":{}}],"line":201},"31":{"loc":{"start":{"line":222,"column":13},"end":{"line":222,"column":41}},"type":"cond-expr","locations":[{"start":{"line":222,"column":19},"end":{"line":222,"column":34}},{"start":{"line":222,"column":37},"end":{"line":222,"column":41}}],"line":222},"32":{"loc":{"start":{"line":223,"column":13},"end":{"line":223,"column":41}},"type":"cond-expr","locations":[{"start":{"line":223,"column":19},"end":{"line":223,"column":34}},{"start":{"line":223,"column":37},"end":{"line":223,"column":41}}],"line":223},"33":{"loc":{"start":{"line":224,"column":18},"end":{"line":224,"column":67}},"type":"cond-expr","locations":[{"start":{"line":224,"column":29},"end":{"line":224,"column":60}},{"start":{"line":224,"column":63},"end":{"line":224,"column":67}}],"line":224},"34":{"loc":{"start":{"line":237,"column":4},"end":{"line":245,"column":5}},"type":"if","locations":[{"start":{"line":237,"column":4},"end":{"line":245,"column":5}},{"start":{"line":243,"column":11},"end":{"line":245,"column":5}}],"line":237},"35":{"loc":{"start":{"line":254,"column":2},"end":{"line":254,"column":79}},"type":"if","locations":[{"start":{"line":254,"column":2},"end":{"line":254,"column":79}},{"start":{},"end":{}}],"line":254},"36":{"loc":{"start":{"line":258,"column":23},"end":{"line":258,"column":38}},"type":"binary-expr","locations":[{"start":{"line":258,"column":23},"end":{"line":258,"column":30}},{"start":{"line":258,"column":34},"end":{"line":258,"column":38}}],"line":258},"37":{"loc":{"start":{"line":259,"column":13},"end":{"line":259,"column":41}},"type":"cond-expr","locations":[{"start":{"line":259,"column":19},"end":{"line":259,"column":34}},{"start":{"line":259,"column":37},"end":{"line":259,"column":41}}],"line":259},"38":{"loc":{"start":{"line":260,"column":13},"end":{"line":260,"column":41}},"type":"cond-expr","locations":[{"start":{"line":260,"column":19},"end":{"line":260,"column":34}},{"start":{"line":260,"column":37},"end":{"line":260,"column":41}}],"line":260},"39":{"loc":{"start":{"line":261,"column":14},"end":{"line":261,"column":26}},"type":"binary-expr","locations":[{"start":{"line":261,"column":14},"end":{"line":261,"column":18}},{"start":{"line":261,"column":22},"end":{"line":261,"column":26}}],"line":261},"40":{"loc":{"start":{"line":262,"column":18},"end":{"line":262,"column":67}},"type":"cond-expr","locations":[{"start":{"line":262,"column":29},"end":{"line":262,"column":60}},{"start":{"line":262,"column":63},"end":{"line":262,"column":67}}],"line":262},"41":{"loc":{"start":{"line":264,"column":12},"end":{"line":264,"column":84}},"type":"binary-expr","locations":[{"start":{"line":264,"column":12},"end":{"line":264,"column":23}},{"start":{"line":264,"column":27},"end":{"line":264,"column":84}}],"line":264},"42":{"loc":{"start":{"line":276,"column":2},"end":{"line":277,"column":62}},"type":"if","locations":[{"start":{"line":276,"column":2},"end":{"line":277,"column":62}},{"start":{},"end":{}}],"line":276},"43":{"loc":{"start":{"line":276,"column":6},"end":{"line":276,"column":48}},"type":"binary-expr","locations":[{"start":{"line":276,"column":6},"end":{"line":276,"column":13}},{"start":{"line":276,"column":17},"end":{"line":276,"column":48}}],"line":276},"44":{"loc":{"start":{"line":282,"column":4},"end":{"line":282,"column":96}},"type":"if","locations":[{"start":{"line":282,"column":4},"end":{"line":282,"column":96}},{"start":{},"end":{}}],"line":282},"45":{"loc":{"start":{"line":290,"column":18},"end":{"line":290,"column":73}},"type":"cond-expr","locations":[{"start":{"line":290,"column":45},"end":{"line":290,"column":68}},{"start":{"line":290,"column":71},"end":{"line":290,"column":73}}],"line":290},"46":{"loc":{"start":{"line":306,"column":17},"end":{"line":306,"column":35}},"type":"default-arg","locations":[{"start":{"line":306,"column":33},"end":{"line":306,"column":35}}],"line":306},"47":{"loc":{"start":{"line":307,"column":2},"end":{"line":308,"column":81}},"type":"if","locations":[{"start":{"line":307,"column":2},"end":{"line":308,"column":81}},{"start":{},"end":{}}],"line":307},"48":{"loc":{"start":{"line":307,"column":6},"end":{"line":307,"column":32}},"type":"binary-expr","locations":[{"start":{"line":307,"column":6},"end":{"line":307,"column":17}},{"start":{"line":307,"column":21},"end":{"line":307,"column":32}}],"line":307},"49":{"loc":{"start":{"line":314,"column":4},"end":{"line":315,"column":116}},"type":"if","locations":[{"start":{"line":314,"column":4},"end":{"line":315,"column":116}},{"start":{},"end":{}}],"line":314},"50":{"loc":{"start":{"line":328,"column":4},"end":{"line":328,"column":92}},"type":"if","locations":[{"start":{"line":328,"column":4},"end":{"line":328,"column":92}},{"start":{},"end":{}}],"line":328},"51":{"loc":{"start":{"line":336,"column":18},"end":{"line":336,"column":73}},"type":"cond-expr","locations":[{"start":{"line":336,"column":45},"end":{"line":336,"column":68}},{"start":{"line":336,"column":71},"end":{"line":336,"column":73}}],"line":336},"52":{"loc":{"start":{"line":364,"column":4},"end":{"line":364,"column":108}},"type":"if","locations":[{"start":{"line":364,"column":4},"end":{"line":364,"column":108}},{"start":{},"end":{}}],"line":364},"53":{"loc":{"start":{"line":366,"column":4},"end":{"line":370,"column":5}},"type":"if","locations":[{"start":{"line":366,"column":4},"end":{"line":370,"column":5}},{"start":{},"end":{}}],"line":366}},"s":{"0":6,"1":6,"2":6,"3":6,"4":6,"5":6,"6":6,"7":6,"8":6,"9":33,"10":33,"11":18,"12":15,"13":15,"14":3,"15":12,"16":12,"17":0,"18":0,"19":0,"20":0,"21":12,"22":6,"23":66,"24":0,"25":0,"26":0,"27":6,"28":18,"29":3,"30":3,"31":0,"32":0,"33":3,"34":6,"35":1,"36":6,"37":3,"38":3,"39":3,"40":2,"41":1,"42":1,"43":2,"44":6,"45":6,"46":6,"47":3,"48":3,"49":3,"50":3,"51":3,"52":0,"53":0,"54":0,"55":0,"56":0,"57":0,"58":0,"59":0,"60":0,"61":6,"62":0,"63":0,"64":0,"65":0,"66":0,"67":0,"68":0,"69":6,"70":0,"71":0,"72":0,"73":0,"74":0,"75":0,"76":0,"77":0,"78":0,"79":0,"80":0,"81":0,"82":0,"83":0,"84":0,"85":0,"86":6,"87":0,"88":0,"89":0,"90":0,"91":6,"92":0,"93":0,"94":0,"95":0,"96":0,"97":6,"98":0,"99":0,"100":0,"101":0,"102":0,"103":0,"104":0,"105":0,"106":0,"107":0,"108":0,"109":0,"110":0,"111":0,"112":0,"113":0,"114":0,"115":0,"116":0,"117":0,"118":0,"119":6,"120":0,"121":0,"122":0,"123":0,"124":0,"125":0,"126":6,"127":1,"128":1,"129":1,"130":0,"131":6,"132":1,"133":1,"134":1,"135":1,"136":0,"137":6,"138":0,"139":0,"140":0,"141":0,"142":0,"143":0,"144":6,"145":0,"146":0,"147":0,"148":0,"149":0,"150":0,"151":0,"152":6,"153":0,"154":0,"155":0,"156":0,"157":0,"158":0,"159":0,"160":0,"161":0,"162":0,"163":6,"164":0,"165":0,"166":0,"167":0,"168":0,"169":6,"170":0,"171":0,"172":0,"173":0,"174":0,"175":0,"176":0,"177":0,"178":0,"179":0,"180":6,"181":0,"182":0,"183":0,"184":0,"185":0,"186":0,"187":6,"188":0,"189":0,"190":0,"191":0,"192":0,"193":6,"194":0,"195":0,"196":0,"197":0,"198":6,"199":0,"200":0,"201":0,"202":0,"203":0,"204":0,"205":0,"206":0,"207":0,"208":6,"209":0,"210":0,"211":0,"212":0,"213":6,"214":0,"215":0,"216":0,"217":0,"218":6,"219":0,"220":0,"221":0,"222":0},"f":{"0":33,"1":66,"2":0,"3":18,"4":3,"5":0,"6":1,"7":3,"8":6,"9":0,"10":0,"11":0,"12":0,"13":0,"14":0,"15":1,"16":1,"17":0,"18":0,"19":0,"20":0,"21":0,"22":0,"23":0,"24":0,"25":0,"26":0,"27":0,"28":0},"b":{"0":[6,0],"1":[6,6],"2":[18,15],"3":[3,12],"4":[15,12],"5":[0,0],"6":[0,0],"7":[0,3],"8":[3,3],"9":[6,4],"10":[3,0],"11":[0,0],"12":[0,0],"13":[0,0],"14":[0,0],"15":[0,0],"16":[0,0],"17":[0,0],"18":[0,0],"19":[0,0],"20":[0,0],"21":[0,0],"22":[0,0],"23":[0,0],"24":[0,0],"25":[0,0],"26":[0,0],"27":[0,0],"28":[0,0],"29":[0,0],"30":[0,0],"31":[1,0],"32":[1,0],"33":[0,1],"34":[0,0],"35":[0,0],"36":[0,0],"37":[0,0],"38":[0,0],"39":[0,0],"40":[0,0],"41":[0,0],"42":[0,0],"43":[0,0],"44":[0,0],"45":[0,0],"46":[0],"47":[0,0],"48":[0,0],"49":[0,0],"50":[0,0],"51":[0,0],"52":[0,0],"53":[0,0]},"inputSourceMap":null,"_coverageSchema":"1a1c01bbd47fc00a2c39e90264f33305004495a9","hash":"1df02a5314f98a8b89878a0417156368ed11be25"}
,"/Users/nesrineberra/Desktop/ecotrack/backend/services/routeOptimizer.js": {"path":"/Users/nesrineberra/Desktop/ecotrack/backend/services/routeOptimizer.js","statementMap":{"0":{"start":{"line":10,"column":12},"end":{"line":10,"column":16}},"1":{"start":{"line":11,"column":15},"end":{"line":11,"column":45}},"2":{"start":{"line":12,"column":15},"end":{"line":12,"column":45}},"3":{"start":{"line":15,"column":4},"end":{"line":19,"column":24}},"4":{"start":{"line":21,"column":2},"end":{"line":21,"column":60}},"5":{"start":{"line":25,"column":2},"end":{"line":25,"column":31}},"6":{"start":{"line":32,"column":14},"end":{"line":32,"column":15}},"7":{"start":{"line":33,"column":2},"end":{"line":35,"column":3}},"8":{"start":{"line":33,"column":15},"end":{"line":33,"column":16}},"9":{"start":{"line":34,"column":4},"end":{"line":34,"column":48}},"10":{"start":{"line":37,"column":2},"end":{"line":37,"column":57}},"11":{"start":{"line":38,"column":2},"end":{"line":38,"column":15}},"12":{"start":{"line":46,"column":12},"end":{"line":46,"column":29}},"13":{"start":{"line":47,"column":18},"end":{"line":47,"column":42}},"14":{"start":{"line":48,"column":16},"end":{"line":48,"column":19}},"15":{"start":{"line":49,"column":2},"end":{"line":49,"column":20}},"16":{"start":{"line":51,"column":2},"end":{"line":65,"column":3}},"17":{"start":{"line":51,"column":18},"end":{"line":51,"column":19}},"18":{"start":{"line":52,"column":17},"end":{"line":52,"column":40}},"19":{"start":{"line":53,"column":18},"end":{"line":53,"column":20}},"20":{"start":{"line":54,"column":18},"end":{"line":54,"column":26}},"21":{"start":{"line":56,"column":4},"end":{"line":61,"column":5}},"22":{"start":{"line":56,"column":17},"end":{"line":56,"column":18}},"23":{"start":{"line":57,"column":6},"end":{"line":60,"column":7}},"24":{"start":{"line":58,"column":8},"end":{"line":58,"column":38}},"25":{"start":{"line":59,"column":8},"end":{"line":59,"column":20}},"26":{"start":{"line":63,"column":4},"end":{"line":63,"column":24}},"27":{"start":{"line":64,"column":4},"end":{"line":64,"column":28}},"28":{"start":{"line":67,"column":2},"end":{"line":67,"column":15}},"29":{"start":{"line":75,"column":17},"end":{"line":75,"column":21}},"30":{"start":{"line":76,"column":18},"end":{"line":76,"column":28}},"31":{"start":{"line":77,"column":21},"end":{"line":77,"column":57}},"32":{"start":{"line":79,"column":2},"end":{"line":100,"column":3}},"33":{"start":{"line":80,"column":4},"end":{"line":80,"column":21}},"34":{"start":{"line":82,"column":4},"end":{"line":99,"column":5}},"35":{"start":{"line":82,"column":17},"end":{"line":82,"column":18}},"36":{"start":{"line":83,"column":6},"end":{"line":98,"column":7}},"37":{"start":{"line":83,"column":19},"end":{"line":83,"column":24}},"38":{"start":{"line":85,"column":25},"end":{"line":89,"column":9}},"39":{"start":{"line":91,"column":28},"end":{"line":91,"column":63}},"40":{"start":{"line":93,"column":8},"end":{"line":97,"column":9}},"41":{"start":{"line":94,"column":10},"end":{"line":94,"column":31}},"42":{"start":{"line":95,"column":10},"end":{"line":95,"column":37}},"43":{"start":{"line":96,"column":10},"end":{"line":96,"column":26}},"44":{"start":{"line":102,"column":2},"end":{"line":102,"column":54}},"45":{"start":{"line":113,"column":2},"end":{"line":115,"column":3}},"46":{"start":{"line":114,"column":4},"end":{"line":114,"column":61}},"47":{"start":{"line":117,"column":2},"end":{"line":123,"column":3}},"48":{"start":{"line":118,"column":4},"end":{"line":122,"column":6}},"49":{"start":{"line":126,"column":17},"end":{"line":126,"column":39}},"50":{"start":{"line":127,"column":12},"end":{"line":127,"column":25}},"51":{"start":{"line":130,"column":21},"end":{"line":134,"column":3}},"52":{"start":{"line":131,"column":4},"end":{"line":133,"column":5}},"53":{"start":{"line":132,"column":6},"end":{"line":132,"column":59}},"54":{"start":{"line":137,"column":23},"end":{"line":137,"column":50}},"55":{"start":{"line":138,"column":26},"end":{"line":138,"column":65}},"56":{"start":{"line":141,"column":65},"end":{"line":144,"column":3}},"57":{"start":{"line":147,"column":22},"end":{"line":149,"column":14}},"58":{"start":{"line":152,"column":28},"end":{"line":158,"column":7}},"59":{"start":{"line":153,"column":21},"end":{"line":153,"column":30}},"60":{"start":{"line":154,"column":26},"end":{"line":158,"column":5}},"61":{"start":{"line":160,"column":2},"end":{"line":165,"column":4}}},"fnMap":{"0":{"name":"haversineDistance","decl":{"start":{"line":9,"column":9},"end":{"line":9,"column":26}},"loc":{"start":{"line":9,"column":43},"end":{"line":22,"column":1}},"line":9},"1":{"name":"toRad","decl":{"start":{"line":24,"column":9},"end":{"line":24,"column":14}},"loc":{"start":{"line":24,"column":20},"end":{"line":26,"column":1}},"line":24},"2":{"name":"totalDistance","decl":{"start":{"line":31,"column":9},"end":{"line":31,"column":22}},"loc":{"start":{"line":31,"column":42},"end":{"line":39,"column":1}},"line":31},"3":{"name":"nearestNeighbor","decl":{"start":{"line":45,"column":9},"end":{"line":45,"column":24}},"loc":{"start":{"line":45,"column":37},"end":{"line":68,"column":1}},"line":45},"4":{"name":"twoOpt","decl":{"start":{"line":74,"column":9},"end":{"line":74,"column":15}},"loc":{"start":{"line":74,"column":35},"end":{"line":103,"column":1}},"line":74},"5":{"name":"optimizeRoute","decl":{"start":{"line":112,"column":9},"end":{"line":112,"column":22}},"loc":{"start":{"line":112,"column":42},"end":{"line":166,"column":1}},"line":112},"6":{"name":"(anonymous_6)","decl":{"start":{"line":130,"column":47},"end":{"line":130,"column":48}},"loc":{"start":{"line":131,"column":4},"end":{"line":133,"column":5}},"line":131},"7":{"name":"(anonymous_7)","decl":{"start":{"line":131,"column":30},"end":{"line":131,"column":31}},"loc":{"start":{"line":132,"column":6},"end":{"line":132,"column":59}},"line":132},"8":{"name":"(anonymous_8)","decl":{"start":{"line":153,"column":12},"end":{"line":153,"column":13}},"loc":{"start":{"line":153,"column":21},"end":{"line":153,"column":30}},"line":153},"9":{"name":"(anonymous_9)","decl":{"start":{"line":154,"column":9},"end":{"line":154,"column":10}},"loc":{"start":{"line":154,"column":26},"end":{"line":158,"column":5}},"line":154}},"branchMap":{"0":{"loc":{"start":{"line":57,"column":6},"end":{"line":60,"column":7}},"type":"if","locations":[{"start":{"line":57,"column":6},"end":{"line":60,"column":7}},{"start":{},"end":{}}],"line":57},"1":{"loc":{"start":{"line":57,"column":10},"end":{"line":57,"column":54}},"type":"binary-expr","locations":[{"start":{"line":57,"column":10},"end":{"line":57,"column":21}},{"start":{"line":57,"column":25},"end":{"line":57,"column":54}}],"line":57},"2":{"loc":{"start":{"line":93,"column":8},"end":{"line":97,"column":9}},"type":"if","locations":[{"start":{"line":93,"column":8},"end":{"line":97,"column":9}},{"start":{},"end":{}}],"line":93},"3":{"loc":{"start":{"line":113,"column":2},"end":{"line":115,"column":3}},"type":"if","locations":[{"start":{"line":113,"column":2},"end":{"line":115,"column":3}},{"start":{},"end":{}}],"line":113},"4":{"loc":{"start":{"line":117,"column":2},"end":{"line":123,"column":3}},"type":"if","locations":[{"start":{"line":117,"column":2},"end":{"line":123,"column":3}},{"start":{},"end":{}}],"line":117},"5":{"loc":{"start":{"line":132,"column":6},"end":{"line":132,"column":59}},"type":"cond-expr","locations":[{"start":{"line":132,"column":16},"end":{"line":132,"column":17}},{"start":{"line":132,"column":20},"end":{"line":132,"column":59}}],"line":132}},"s":{"0":0,"1":0,"2":0,"3":0,"4":0,"5":0,"6":0,"7":0,"8":0,"9":0,"10":0,"11":0,"12":0,"13":0,"14":0,"15":0,"16":0,"17":0,"18":0,"19":0,"20":0,"21":0,"22":0,"23":0,"24":0,"25":0,"26":0,"27":0,"28":0,"29":0,"30":0,"31":0,"32":0,"33":0,"34":0,"35":0,"36":0,"37":0,"38":0,"39":0,"40":0,"41":0,"42":0,"43":0,"44":0,"45":0,"46":0,"47":0,"48":0,"49":0,"50":0,"51":0,"52":0,"53":0,"54":0,"55":0,"56":0,"57":0,"58":0,"59":0,"60":0,"61":0},"f":{"0":0,"1":0,"2":0,"3":0,"4":0,"5":0,"6":0,"7":0,"8":0,"9":0},"b":{"0":[0,0],"1":[0,0],"2":[0,0],"3":[0,0],"4":[0,0],"5":[0,0]},"inputSourceMap":null,"_coverageSchema":"1a1c01bbd47fc00a2c39e90264f33305004495a9","hash":"4670c5dd481a58e98cb24204e15dd53f13d1fadc"}
,"/Users/nesrineberra/Desktop/ecotrack/backend/validator/containerValidator.js": {"path":"/Users/nesrineberra/Desktop/ecotrack/backend/validator/containerValidator.js","statementMap":{"0":{"start":{"line":4,"column":37},"end":{"line":12,"column":2}},"1":{"start":{"line":14,"column":37},"end":{"line":22,"column":2}}},"fnMap":{},"branchMap":{},"s":{"0":6,"1":6},"f":{},"b":{},"inputSourceMap":null,"_coverageSchema":"1a1c01bbd47fc00a2c39e90264f33305004495a9","hash":"9aefdaa304b60558c6de1ef801b51c12f6f7c432"}
,"/Users/nesrineberra/Desktop/ecotrack/backend/validator/reportValidator.js": {"path":"/Users/nesrineberra/Desktop/ecotrack/backend/validator/reportValidator.js","statementMap":{"0":{"start":{"line":4,"column":34},"end":{"line":10,"column":2}},"1":{"start":{"line":12,"column":34},"end":{"line":18,"column":2}}},"fnMap":{},"branchMap":{},"s":{"0":6,"1":6},"f":{},"b":{},"inputSourceMap":null,"_coverageSchema":"1a1c01bbd47fc00a2c39e90264f33305004495a9","hash":"d7af1cf69a306a5b98b0fe7cf431e73fce7a597d"}
,"/Users/nesrineberra/Desktop/ecotrack/backend/validator/routeValidator.js": {"path":"/Users/nesrineberra/Desktop/ecotrack/backend/validator/routeValidator.js","statementMap":{"0":{"start":{"line":4,"column":33},"end":{"line":9,"column":2}},"1":{"start":{"line":11,"column":33},"end":{"line":16,"column":2}}},"fnMap":{},"branchMap":{},"s":{"0":6,"1":6},"f":{},"b":{},"inputSourceMap":null,"_coverageSchema":"1a1c01bbd47fc00a2c39e90264f33305004495a9","hash":"388a440828bcc703e2ea23558b1215ea82cf5d0c"}
,"/Users/nesrineberra/Desktop/ecotrack/backend/validator/userValidator.js": {"path":"/Users/nesrineberra/Desktop/ecotrack/backend/validator/userValidator.js","statementMap":{"0":{"start":{"line":4,"column":32},"end":{"line":10,"column":2}},"1":{"start":{"line":12,"column":32},"end":{"line":18,"column":2}}},"fnMap":{},"branchMap":{},"s":{"0":6,"1":6},"f":{},"b":{},"inputSourceMap":null,"_coverageSchema":"1a1c01bbd47fc00a2c39e90264f33305004495a9","hash":"33efb5857d9450b1119fe30c301800101adb6a91"}
}
