TN:
SF:app.js
FN:38,(anonymous_0)
FN:57,(anonymous_1)
FN:57,(anonymous_2)
FN:63,(anonymous_3)
FN:63,(anonymous_4)
FN:66,(anonymous_5)
FN:71,(anonymous_6)
FN:76,(anonymous_7)
FN:95,(anonymous_8)
FN:114,(anonymous_9)
FN:132,(anonymous_10)
FN:150,(anonymous_11)
FN:159,(anonymous_12)
FN:177,(anonymous_13)
FN:196,(anonymous_14)
FN:207,(anonymous_15)
FN:216,(anonymous_16)
FN:234,(anonymous_17)
FN:252,(anonymous_18)
FN:273,(anonymous_19)
FN:288,(anonymous_20)
FN:305,(anonymous_21)
FN:323,(anonymous_22)
FN:334,(anonymous_23)
FN:348,(anonymous_24)
FN:361,(anonymous_25)
FN:378,(anonymous_26)
FN:393,(anonymous_27)
FN:405,(anonymous_28)
FNF:29
FNH:9
FNDA:33,(anonymous_0)
FNDA:66,(anonymous_1)
FNDA:0,(anonymous_2)
FNDA:18,(anonymous_3)
FNDA:3,(anonymous_4)
FNDA:0,(anonymous_5)
FNDA:1,(anonymous_6)
FNDA:3,(anonymous_7)
FNDA:6,(anonymous_8)
FNDA:0,(anonymous_9)
FNDA:0,(anonymous_10)
FNDA:0,(anonymous_11)
FNDA:0,(anonymous_12)
FNDA:0,(anonymous_13)
FNDA:0,(anonymous_14)
FNDA:1,(anonymous_15)
FNDA:1,(anonymous_16)
FNDA:0,(anonymous_17)
FNDA:0,(anonymous_18)
FNDA:0,(anonymous_19)
FNDA:0,(anonymous_20)
FNDA:0,(anonymous_21)
FNDA:0,(anonymous_22)
FNDA:0,(anonymous_23)
FNDA:0,(anonymous_24)
FNDA:0,(anonymous_25)
FNDA:0,(anonymous_26)
FNDA:0,(anonymous_27)
FNDA:0,(anonymous_28)
DA:22,6
DA:23,6
DA:24,6
DA:25,6
DA:27,6
DA:29,6
DA:34,6
DA:35,6
DA:38,6
DA:39,33
DA:40,33
DA:42,15
DA:43,15
DA:44,3
DA:46,12
DA:47,12
DA:48,0
DA:49,0
DA:50,0
DA:51,0
DA:53,12
DA:57,66
DA:58,0
DA:59,0
DA:60,0
DA:63,18
DA:64,3
DA:65,3
DA:66,0
DA:67,3
DA:71,6
DA:72,1
DA:76,6
DA:77,3
DA:78,3
DA:79,3
DA:80,2
DA:88,1
DA:89,1
DA:91,2
DA:95,6
DA:96,6
DA:97,6
DA:98,3
DA:99,3
DA:100,3
DA:101,0
DA:102,0
DA:103,0
DA:104,0
DA:105,0
DA:107,0
DA:108,0
DA:110,0
DA:114,6
DA:115,0
DA:116,0
DA:124,0
DA:125,0
DA:126,0
DA:128,0
DA:132,6
DA:133,0
DA:134,0
DA:135,0
DA:136,0
DA:137,0
DA:138,0
DA:139,0
DA:140,0
DA:141,0
DA:142,0
DA:143,0
DA:145,0
DA:150,6
DA:151,0
DA:152,0
DA:153,0
DA:155,0
DA:159,6
DA:160,0
DA:161,0
DA:162,0
DA:171,0
DA:173,0
DA:177,6
DA:178,0
DA:179,0
DA:180,0
DA:181,0
DA:182,0
DA:183,0
DA:184,0
DA:185,0
DA:186,0
DA:187,0
DA:188,0
DA:189,0
DA:191,0
DA:192,0
DA:196,6
DA:197,0
DA:198,0
DA:199,0
DA:201,0
DA:202,0
DA:207,6
DA:208,1
DA:209,1
DA:210,1
DA:212,0
DA:216,6
DA:217,1
DA:218,1
DA:219,1
DA:228,1
DA:230,0
DA:234,6
DA:235,0
DA:237,0
DA:238,0
DA:244,0
DA:246,0
DA:248,0
DA:252,6
DA:253,0
DA:254,0
DA:255,0
DA:256,0
DA:267,0
DA:269,0
DA:273,6
DA:274,0
DA:275,0
DA:276,0
DA:277,0
DA:278,0
DA:279,0
DA:280,0
DA:282,0
DA:283,0
DA:288,6
DA:289,0
DA:290,0
DA:291,0
DA:299,0
DA:301,0
DA:305,6
DA:306,0
DA:307,0
DA:308,0
DA:309,0
DA:310,0
DA:314,0
DA:315,0
DA:316,0
DA:317,0
DA:319,0
DA:323,6
DA:324,0
DA:325,0
DA:326,0
DA:328,0
DA:329,0
DA:334,6
DA:335,0
DA:336,0
DA:337,0
DA:341,0
DA:343,0
DA:348,6
DA:349,0
DA:350,0
DA:354,0
DA:356,0
DA:361,6
DA:362,0
DA:363,0
DA:364,0
DA:365,0
DA:366,0
DA:367,0
DA:371,0
DA:373,0
DA:378,6
DA:379,0
DA:380,0
DA:386,0
DA:388,0
DA:393,6
DA:394,0
DA:395,0
DA:399,0
DA:401,0
DA:405,6
DA:406,0
DA:407,0
DA:411,0
DA:413,0
LF:199
LH:65
BRDA:24,0,0,6
BRDA:24,0,1,0
BRDA:30,1,0,6
BRDA:30,1,1,6
BRDA:40,2,0,18
BRDA:40,2,1,15
BRDA:43,3,0,3
BRDA:43,3,1,12
BRDA:43,4,0,15
BRDA:43,4,1,12
BRDA:58,5,0,0
BRDA:58,5,1,0
BRDA:58,6,0,0
BRDA:58,6,1,0
BRDA:65,7,0,0
BRDA:65,7,1,3
BRDA:97,8,0,3
BRDA:97,8,1,3
BRDA:97,9,0,6
BRDA:97,9,1,4
BRDA:100,10,0,3
BRDA:100,10,1,0
BRDA:102,11,0,0
BRDA:102,11,1,0
BRDA:103,12,0,0
BRDA:103,12,1,0
BRDA:124,13,0,0
BRDA:124,13,1,0
BRDA:125,14,0,0
BRDA:125,14,1,0
BRDA:134,15,0,0
BRDA:134,15,1,0
BRDA:134,16,0,0
BRDA:134,16,1,0
BRDA:135,17,0,0
BRDA:135,17,1,0
BRDA:138,18,0,0
BRDA:138,18,1,0
BRDA:140,19,0,0
BRDA:140,19,1,0
BRDA:165,20,0,0
BRDA:165,20,1,0
BRDA:167,21,0,0
BRDA:167,21,1,0
BRDA:168,22,0,0
BRDA:168,22,1,0
BRDA:182,23,0,0
BRDA:182,23,1,0
BRDA:183,24,0,0
BRDA:183,24,1,0
BRDA:184,25,0,0
BRDA:184,25,1,0
BRDA:185,26,0,0
BRDA:185,26,1,0
BRDA:186,27,0,0
BRDA:186,27,1,0
BRDA:187,28,0,0
BRDA:187,28,1,0
BRDA:191,29,0,0
BRDA:191,29,1,0
BRDA:201,30,0,0
BRDA:201,30,1,0
BRDA:222,31,0,1
BRDA:222,31,1,0
BRDA:223,32,0,1
BRDA:223,32,1,0
BRDA:224,33,0,0
BRDA:224,33,1,1
BRDA:237,34,0,0
BRDA:237,34,1,0
BRDA:254,35,0,0
BRDA:254,35,1,0
BRDA:258,36,0,0
BRDA:258,36,1,0
BRDA:259,37,0,0
BRDA:259,37,1,0
BRDA:260,38,0,0
BRDA:260,38,1,0
BRDA:261,39,0,0
BRDA:261,39,1,0
BRDA:262,40,0,0
BRDA:262,40,1,0
BRDA:264,41,0,0
BRDA:264,41,1,0
BRDA:276,42,0,0
BRDA:276,42,1,0
BRDA:276,43,0,0
BRDA:276,43,1,0
BRDA:282,44,0,0
BRDA:282,44,1,0
BRDA:290,45,0,0
BRDA:290,45,1,0
BRDA:306,46,0,0
BRDA:307,47,0,0
BRDA:307,47,1,0
BRDA:307,48,0,0
BRDA:307,48,1,0
BRDA:314,49,0,0
BRDA:314,49,1,0
BRDA:328,50,0,0
BRDA:328,50,1,0
BRDA:336,51,0,0
BRDA:336,51,1,0
BRDA:364,52,0,0
BRDA:364,52,1,0
BRDA:366,53,0,0
BRDA:366,53,1,0
BRF:107
BRH:18
end_of_record
TN:
SF:services/routeOptimizer.js
FN:9,haversineDistance
FN:24,toRad
FN:31,totalDistance
FN:45,nearestNeighbor
FN:74,twoOpt
FN:112,optimizeRoute
FN:130,(anonymous_6)
FN:131,(anonymous_7)
FN:153,(anonymous_8)
FN:154,(anonymous_9)
FNF:10
FNH:0
FNDA:0,haversineDistance
FNDA:0,toRad
FNDA:0,totalDistance
FNDA:0,nearestNeighbor
FNDA:0,twoOpt
FNDA:0,optimizeRoute
FNDA:0,(anonymous_6)
FNDA:0,(anonymous_7)
FNDA:0,(anonymous_8)
FNDA:0,(anonymous_9)
DA:10,0
DA:11,0
DA:12,0
DA:15,0
DA:21,0
DA:25,0
DA:32,0
DA:33,0
DA:34,0
DA:37,0
DA:38,0
DA:46,0
DA:47,0
DA:48,0
DA:49,0
DA:51,0
DA:52,0
DA:53,0
DA:54,0
DA:56,0
DA:57,0
DA:58,0
DA:59,0
DA:63,0
DA:64,0
DA:67,0
DA:75,0
DA:76,0
DA:77,0
DA:79,0
DA:80,0
DA:82,0
DA:83,0
DA:85,0
DA:91,0
DA:93,0
DA:94,0
DA:95,0
DA:96,0
DA:102,0
DA:113,0
DA:114,0
DA:117,0
DA:118,0
DA:126,0
DA:127,0
DA:130,0
DA:131,0
DA:132,0
DA:137,0
DA:138,0
DA:141,0
DA:147,0
DA:152,0
DA:153,0
DA:154,0
DA:160,0
LF:57
LH:0
BRDA:57,0,0,0
BRDA:57,0,1,0
BRDA:57,1,0,0
BRDA:57,1,1,0
BRDA:93,2,0,0
BRDA:93,2,1,0
BRDA:113,3,0,0
BRDA:113,3,1,0
BRDA:117,4,0,0
BRDA:117,4,1,0
BRDA:132,5,0,0
BRDA:132,5,1,0
BRF:12
BRH:0
end_of_record
TN:
SF:validator/containerValidator.js
FNF:0
FNH:0
DA:4,6
DA:14,6
LF:2
LH:2
BRF:0
BRH:0
end_of_record
TN:
SF:validator/reportValidator.js
FNF:0
FNH:0
DA:4,6
DA:12,6
LF:2
LH:2
BRF:0
BRH:0
end_of_record
TN:
SF:validator/routeValidator.js
FNF:0
FNH:0
DA:4,6
DA:11,6
LF:2
LH:2
BRF:0
BRH:0
end_of_record
TN:
SF:validator/userValidator.js
FNF:0
FNH:0
DA:4,6
DA:12,6
LF:2
LH:2
BRF:0
BRH:0
end_of_record
